<?xml version="1.0" encoding="UTF-8"?>
<testng-results ignored="0" total="1" passed="1" failed="0" skipped="0">
  <reporter-output>
  </reporter-output>
  <suite started-at="2022-08-28T11:12:50 IST" name="Surefire suite" finished-at="2022-08-28T11:12:50 IST" duration-ms="100">
    <groups>
    </groups>
    <test started-at="2022-08-28T11:12:50 IST" name="Surefire test" finished-at="2022-08-28T11:12:50 IST" duration-ms="100">
      <class name="com.company.app.my_maven_app.AppTest">
        <test-method signature="shouldAnswerWithTrue()" started-at="2022-08-28T11:12:50 IST" name="shouldAnswerWithTrue" finished-at="2022-08-28T11:12:50 IST" duration-ms="10" status="PASS">
          <reporter-output>
          </reporter-output>
        </test-method> <!-- shouldAnswerWithTrue -->
      </class> <!-- com.company.app.my_maven_app.AppTest -->
    </test> <!-- Surefire test -->
  </suite> <!-- Surefire suite -->
</testng-results>
