<?xml version="1.0" encoding="UTF-8"?>
<testsuite xmlns:xsi="http://www.w3.org/2001/XMLSchema-instance" xsi:noNamespaceSchemaLocation="https://maven.apache.org/surefire/maven-surefire-plugin/xsd/surefire-test-report.xsd" name="TestSuite" time="5.539" tests="3" errors="0" skipped="0" failures="0">
  <properties>
[...]
</properties>
  <testcase name="f" classname="com.company.app.my_maven_app.NewTest" time="0.01"/>
  <testcase name="launchChrome" classname="com.company.app.my_maven_app.NewTest" time="4.508"/>
  <testcase name="shouldAnswerWithTrue on shouldAnswerWithTrue(com.company.app.my_maven_app.AppTest)" classname="com.company.app.my_maven_app.AppTest" time="0.002"/>
</testsuite>