<?xml version="1.0" encoding="UTF-8"?>
<testng-results ignored="1" total="2" passed="1" failed="0" skipped="0">
  <reporter-output>
  </reporter-output>
  <suite started-at="2022-08-28T11:06:12 IST" name="Default suite" finished-at="2022-08-28T11:06:18 IST" duration-ms="6329">
    <groups>
    </groups>
    <test started-at="2022-08-28T11:06:12 IST" name="Default test" finished-at="2022-08-28T11:06:18 IST" duration-ms="6329">
      <class name="com.company.app.my_maven_app.NewTest">
        <test-method signature="launchChrome()[pri:0, instance:com.company.app.my_maven_app.NewTest@359f7cdf]" started-at="2022-08-28T11:06:12 IST" name="launchChrome" finished-at="2022-08-28T11:06:18 IST" duration-ms="6268" status="PASS">
          <reporter-output>
          </reporter-output>
        </test-method> <!-- launchChrome -->
      </class> <!-- com.company.app.my_maven_app.NewTest -->
    </test> <!-- Default test -->
  </suite> <!-- Default suite -->
</testng-results>
