<?xml version="1.0" encoding="UTF-8"?>
<!-- Generated by org.testng.reporters.JUnitXMLReporter -->
<testsuite ignored="0" hostname="LAPTOP-ST4CJVNU" failures="1" tests="2" name="EdgeTest" time="22.512" errors="0" timestamp="2022-08-06T17:39:27 IST">
  <testcase classname="TestNGPractice._992_CrossBroswerTest" name="loginfacebook" time="3.347"/>
  <testcase classname="TestNGPractice._992_CrossBroswerTest" name="checkTitle" time="12.329">
    <failure type="java.lang.AssertionError" message="expected [Facebook – log in or sign up] but found [Log in to Facebook]">
      <![CDATA[java.lang.AssertionError: expected [Facebook – log in or sign up] but found [Log in to Facebook]
at TestNGPractice._992_CrossBroswerTest.checkTitle(_992_CrossBroswerTest.java:50)
at java.base/java.util.ArrayList.forEach(ArrayList.java:1511)
at java.base/java.util.concurrent.FutureTask.run(FutureTask.java:264)
at java.base/java.util.concurrent.ThreadPoolExecutor.runWorker(ThreadPoolExecutor.java:1136)
at java.base/java.util.concurrent.ThreadPoolExecutor$Worker.run(ThreadPoolExecutor.java:635)
at java.base/java.lang.Thread.run(Thread.java:833)
... Removed 22 stack frames]]>
    </failure>
  </testcase> <!-- checkTitle -->
</testsuite> <!-- EdgeTest -->
