<?xml version="1.0" encoding="UTF-8"?>
<!-- Generated by org.testng.reporters.JUnitXMLReporter -->
<testsuite ignored="1" hostname="LAPTOP-ST4CJVNU" failures="0" tests="1" name="Default test" time="4.337" errors="0" timestamp="2022-08-28T11:11:54 IST">
  <testcase classname="com.company.app.my_maven_app.NewTest" name="launchChrome" time="4.286"/>
  <testcase classname="com.company.app.my_maven_app.NewTest" name="f" time="0.0">
    <ignored/>
  </testcase> <!-- f -->
</testsuite> <!-- Default test -->
