<?xml version="1.0" encoding="UTF-8"?>
<testng-results ignored="0" total="2" passed="2" failed="0" skipped="0">
  <reporter-output>
  </reporter-output>
  <suite started-at="2022-08-28T11:12:45 IST" name="Surefire suite" finished-at="2022-08-28T11:12:49 IST" duration-ms="4587">
    <groups>
    </groups>
    <test started-at="2022-08-28T11:12:45 IST" name="Surefire test" finished-at="2022-08-28T11:12:49 IST" duration-ms="4587">
      <class name="com.company.app.my_maven_app.NewTest">
        <test-method signature="f()[pri:0, instance:com.company.app.my_maven_app.NewTest@780cb77]" started-at="2022-08-28T11:12:45 IST" name="f" finished-at="2022-08-28T11:12:45 IST" duration-ms="7" status="PASS">
          <reporter-output>
          </reporter-output>
        </test-method> <!-- f -->
        <test-method signature="launchChrome()[pri:0, instance:com.company.app.my_maven_app.NewTest@780cb77]" started-at="2022-08-28T11:12:45 IST" name="launchChrome" finished-at="2022-08-28T11:12:49 IST" duration-ms="4508" status="PASS">
          <reporter-output>
          </reporter-output>
        </test-method> <!-- launchChrome -->
      </class> <!-- com.company.app.my_maven_app.NewTest -->
    </test> <!-- Surefire test -->
  </suite> <!-- Surefire suite -->
</testng-results>
